{
  "RSpec": {
    "coverage": {
      "/home/gimmy/workspace/invoices/spec/models/item_spec.rb": [
        1,
        null,
        1,
        9,
        null,
        8,
        null,
        2,
        2,
        2,
        2,
        2,
        2,
        2,
        null,
        1,
        1,
        1,
        null,
        null,
        null
      ],
      "/home/gimmy/workspace/invoices/app/models/item.rb": [
        1,
        1,
        null,
        1,
        1,
        1,
        1,
        null
      ],
      "/home/gimmy/workspace/invoices/app/models/invoice.rb": [
        1,
        1,
        1,
        null,
        1,
        1,
        null
      ]
    },
    "timestamp": 1457861577
  }
}
